domain/build/intermediates/manifest_merge_blame_file/debug/manifest-merger-blame-debug-report.txt
1<?xml version="1.0" encoding="utf-8"?>
2<manifest xmlns:android="http://schemas.android.com/apk/res/android"
3    package="io.github.grishaninvyacheslav.geekbrains_professional_android_application_development"
4    android:versionCode="1"
5    android:versionName="1.0" >
6
7    <uses-sdk
8        android:minSdkVersion="23"
8-->src\main\AndroidManifest.xml
9        android:targetSdkVersion="30" />
9-->src\main\AndroidManifest.xml
10
11    <application
11-->[com.google.android.material:material:1.4.0] AndroidManifest.xml:22:5-20
12        android:appComponentFactory="androidx.core.app.CoreComponentFactory"
12-->[androidx.core:core:1.6.0] AndroidManifest.xml:24:18-86
13        android:debuggable="true"
14        android:extractNativeLibs="false"
15        android:testOnly="true" >
16        <service
16-->[androidx.room:room-runtime:2.3.0] AndroidManifest.xml:25:9-28:40
17            android:name="androidx.room.MultiInstanceInvalidationService"
17-->[androidx.room:room-runtime:2.3.0] AndroidManifest.xml:26:13-74
18            android:directBootAware="true"
18-->[androidx.room:room-runtime:2.3.0] AndroidManifest.xml:27:13-43
19            android:exported="false" />
19-->[androidx.room:room-runtime:2.3.0] AndroidManifest.xml:28:13-37
20    </application>
21
22</manifest>